[2024-10-27T02:31:37.031913+01:00] Actividad.INFO: Nuevo cliente registrado:  [] []
[2024-10-27T02:32:47.957725+01:00] Actividad.INFO: Nuevo cliente registrado:  [] []
[2024-10-27 02:51:28] Actividad.INFO: entro a clientes [] []
[2024-10-27 02:51:59] Actividad.INFO: entro a clientes [] []
[2024-10-27 02:52:42] Actividad.INFO: entro a clientes [] []
[2024-10-27 02:53:51] Actividad.INFO: entro a clientes [] []
[2024-10-27 03:00:44] Actividad.INFO: Nuevo cliente registrado:  [] []
[2024-10-27 03:01:13] Actividad.INFO: Nuevo cliente registrado:  [] []
[2024-10-27 03:02:23] Actividad.INFO: Nuevo cliente registrado: de noche  [] []
[2024-10-27 0303:0707:31am] Actividad.INFO: Nuevo cliente agregado: mamama [] []
[2024-10-27T03:11:51.137177+01:00] Actividad.INFO: Nuevo cliente agregado: tttt [] []
[Sunday, 27-10-2024 03:13:49] Actividad.INFO: Nuevo cliente agregado: ikikiki [] []
[2024-10-27T03:15:41.825664+01:00] Actividad.INFO: Nuevo cliente agregado: qqqq [] []
[2024-10-27 03:18:10] Actividad.INFO: Nuevo cliente agregado: ewew [] []
[2024-10-26 21:20:19 America/Lima] Actividad.INFO: Nuevo cliente agregado: ppp [] []
[2024-10-26 21:25:02] Actividad.INFO: Nuevo cliente agregado: wwww [] []
[2024-10-26 21:43:29] MENSAJE:.INFO: NUEVO CLIENTE: JUAN CARLOS AGREGADO CORRECTAMENTE EN LA BASE DE DATOS [] []
[2024-10-26 21:44:34] MENSAJE:.INFO: NUEVO EMPLEADO: JUAN AGREGADO CORRECTAMENTE EN LA BASE DE DATOS [] []
[2024-10-26 21:47:29] MENSAJE:.INFO: NUEVO SERVICIO: PEINADO AGREGADO CORRECTAMENTE EN LA BASE DE DATOS [] []
[2024-10-26 21:55:33] MENSAJE:.INFO: NUEVA RESERVACION AGREGADA CORRECTAMENTE EN LA BASE DE DATOS [] []
[2024-10-26 23:33:58] MENSAJE:.INFO: INGRESO A VISUALIZAR LISTA DE CLIENTES [] []
[2024-10-26 23:35:13] MENSAJE:.INFO: INGRESO A VISUALIZAR LISTA DE CLIENTES [] []
[2024-10-26 23:37:25] MENSAJE:.INFO: INGRESO A HISTORIAL DE RESERVACIONES DEL CLIENTE: Jose Enrique [] []
[2024-10-26 23:37:53] MENSAJE:.INFO: INGRESO A HISTORIAL DE RESERVACIONES DEL CLIENTE: Jose Enrique [] []
[2024-10-26 23:38:10] MENSAJE:.INFO: INGRESO A HISTORIAL DE RESERVACIONES DEL CLIENTE: Jose Enrique [] []
[2024-10-26 23:38:33] MENSAJE:.INFO: INGRESO A VISUALIZAR LISTA DE CLIENTES [] []
[2024-10-26 23:39:56] MENSAJE:.INFO: INGRESO A VISUALIZAR LISTA DE CLIENTES [] []
[2024-10-26 23:42:16] MENSAJE:.INFO: INGRESO A CAMBIAR CONTRASEÑA [] []
[2024-10-26 23:45:28] MENSAJE:.INFO: INGRESO A VISUALIZAR LISTA DE CLIENTES [] []
[2024-10-26 23:45:31] MENSAJE:.INFO: SE ELIMINÓ CLIENTE:ikikiki EXITOSAMENTE [] []
[2024-10-26 23:45:32] MENSAJE:.INFO: INGRESO A VISUALIZAR LISTA DE CLIENTES [] []
[2024-10-26 23:51:19] MENSAJE:.INFO: INGRESO A HISTORIAL DE RESERVACIONES DEL EMPLEADO: Juan Carlos [] []
[2024-10-26 23:51:22] MENSAJE:.INFO: INGRESO A FORMULARIO PARA EDITAR EMPLEADO [] []
[2024-10-26 23:51:24] MENSAJE:.INFO: INGRESO A VISUALIZAR LISTA DE CLIENTES [] []
[2024-10-26 23:51:28] MENSAJE:.INFO: INGRESO A VISUALIZAR LISTA DE CLIENTES [] []
[2024-10-26 23:52:06] MENSAJE:.INFO: INGRESO A VISUALIZAR LISTA DE CLIENTES [] []
[2024-10-26 23:52:08] MENSAJE:.INFO: INGRESO A HISTORIAL DE RESERVACIONES DEL CLIENTE: ewew [] []
[2024-10-26 23:52:09] MENSAJE:.INFO: INGRESO A VISUALIZAR LISTA DE CLIENTES [] []
[2024-10-26 23:52:10] MENSAJE:.INFO: INGRESO A FORMULARIO PARA EDITAR CLIENTE [] []
[2024-10-26 23:52:12] MENSAJE:.INFO: INGRESO A FORMULARIO PARA EDITAR EMPLEADO [] []
[2024-10-26 23:52:15] MENSAJE:.INFO: INGRESO A HISTORIAL DE RESERVACIONES DEL EMPLEADO: Juan Carlos [] []
[2024-10-26 23:52:18] MENSAJE:.INFO: INGRESO A FORMULARIO PARA EDITAR SERVICIO [] []
[2024-10-26 23:55:39] MENSAJE:.INFO: INGRESO A FORMULARIO DE ACCESO AL SISTEMA [] []
[2024-10-26 23:55:39] MENSAJE:.INFO: INGRESO A VISUALIZAR LA AGENDA DE RESERVACIONES [] []
[2024-10-26 23:55:41] MENSAJE:.INFO: INGRESO A VISUALIZAR LISTA DE CLIENTES [] []
[2024-10-27 06:21:43] MENSAJE:.INFO: INGRESO A FORMULARIO DE ACCESO AL SISTEMA [] []
[2024-10-27 06:22:04] MENSAJE:.INFO: INGRESO A VISUALIZAR LA AGENDA DE RESERVACIONES [] []
[2024-10-27 06:22:10] MENSAJE:.INFO: INGRESO A LISTA DE RESERVACIONES [] []
[2024-10-27 06:22:14] MENSAJE:.INFO: INGRESO A VISUALIZAR LISTA DE CLIENTES [] []
[2024-10-27 06:22:15] MENSAJE:.INFO: INGRESO A VISUALIZAR LISTA DE EMPLEADOS [] []
[2024-10-27 06:22:16] MENSAJE:.INFO: INGRESO A LISTA DE SERVICIOS [] []
[2024-10-27 06:22:17] MENSAJE:.INFO: INGRESO A FORMULARIO DE GENERAR REPORTE [] []
[2024-10-27 06:38:37] MENSAJE:.INFO: INGRESO A FORMULARIO DE GENERAR REPORTE [] []
[2024-10-27 06:38:37] MENSAJE:.INFO: INGRESO A FORMULARIO DE GENERAR REPORTE [] []
[2024-10-27 06:38:39] MENSAJE:.INFO: INGRESO A LISTA DE USUARIOS [] []
[2024-10-27 06:38:41] MENSAJE:.INFO: INGRESO A LISTA DE SERVICIOS [] []
[2024-10-27 06:38:42] MENSAJE:.INFO: INGRESO A FORMULARIO DE GENERAR REPORTE [] []
[2024-10-27 06:38:45] MENSAJE:.INFO: INGRESO A FORMULARIO DE ACCESO AL SISTEMA [] []
[2024-10-27 06:38:45] MENSAJE:.INFO: INGRESO A VISUALIZAR LA AGENDA DE RESERVACIONES [] []
[2024-10-27 06:38:47] MENSAJE:.INFO: INGRESO A LISTA DE RESERVACIONES [] []
[2024-10-27 06:38:51] MENSAJE:.INFO: INGRESO A FORMULARIO DE RESERVACIONES ANTERIORES [] []
[2024-10-27 06:38:54] MENSAJE:.INFO: INGRESO A FORMULARIO PARA EDITAR RESERVACION [] []
[2024-10-27 06:38:56] MENSAJE:.INFO: INGRESO A LISTA DE RESERVACIONES [] []
[2024-10-27 06:38:57] MENSAJE:.INFO: INGRESO A FORMULARIO DE NUEVA RESERVACION [] []
[2024-10-27 06:38:59] MENSAJE:.INFO: INGRESO A VISUALIZAR LISTA DE CLIENTES [] []
[2024-10-27 06:39:01] MENSAJE:.INFO: INGRESO A FORMULARIO DE NUEVO CLIENTE [] []
[2024-10-27 06:39:02] MENSAJE:.INFO: INGRESO A VISUALIZAR LISTA DE EMPLEADOS [] []
[2024-10-27 06:39:03] MENSAJE:.INFO: INGRESO A FORMULARIO DE NUEVO EMPLEADO [] []
[2024-10-27 06:39:04] MENSAJE:.INFO: INGRESO A LISTA DE SERVICIOS [] []
[2024-10-27 06:39:05] MENSAJE:.INFO: INGRESO A FORMULARIO DE NUEVO SERVICIO [] []
[2024-10-27 06:39:06] MENSAJE:.INFO: INGRESO A FORMULARIO DE GENERAR REPORTE [] []
[2024-10-27 06:39:07] MENSAJE:.INFO: INGRESO A LISTA DE USUARIOS [] []
[2024-10-27 06:39:08] MENSAJE:.INFO: INGRESO A FORMULARIO DE NUEVO USUARIO [] []
[2024-10-27 06:39:09] MENSAJE:.INFO: INGRESO A FORMULARIO DE GENERAR REPORTE [] []
[2024-10-27 06:39:14] MENSAJE:.INFO: INGRESO A LISTA DE USUARIOS [] []
[2024-10-27 06:39:15] MENSAJE:.INFO: INGRESO A FORMULARIO PARA EDITAR USUARIO [] []
[2024-10-27 06:39:17] MENSAJE:.INFO: INGRESO A FORMULARIO DE GENERAR REPORTE [] []
[2024-10-27 06:39:18] MENSAJE:.INFO: INGRESO A VISUALIZAR LISTA DE CLIENTES [] []
[2024-10-27 06:39:22] MENSAJE:.INFO: SE ELIMINÓ CLIENTE: ewew EXITOSAMENTE [] []
[2024-10-27 06:39:23] MENSAJE:.INFO: SE ELIMINÓ CLIENTE: Jose Enrique EXITOSAMENTE [] []
[2024-10-27 06:39:23] MENSAJE:.INFO: INGRESO A VISUALIZAR LISTA DE CLIENTES [] []
[2024-10-27 06:39:25] MENSAJE:.INFO: INGRESO A LISTA DE RESERVACIONES [] []
[2024-10-27 06:39:26] MENSAJE:.INFO: INGRESO A VISUALIZAR LISTA DE EMPLEADOS [] []
[2024-10-27 06:39:28] MENSAJE:.INFO: INGRESO A LISTA DE RESERVACIONES [] []
[2024-10-27 06:39:30] MENSAJE:.INFO: INGRESO A FORMULARIO DE RESERVACIONES ANTERIORES [] []
[2024-10-27 06:39:33] MENSAJE:.INFO: INGRESO A LISTA DE RESERVACIONES [] []
[2024-10-27 06:39:35] MENSAJE:.INFO: INGRESO A FORMULARIO DE RESERVACIONES ANTERIORES [] []
[2024-10-27 06:39:36] MENSAJE:.INFO: INGRESO A LISTA DE SERVICIOS [] []
[2024-10-27 06:39:44] MENSAJE:.INFO: INGRESO A VISUALIZAR LISTA DE EMPLEADOS [] []
[2024-10-27 06:39:48] MENSAJE:.INFO: INGRESO A FORMULARIO DE GENERAR REPORTE [] []
[2024-10-27 06:39:49] MENSAJE:.INFO: INGRESO A LISTA DE SERVICIOS [] []
[2024-10-27 06:39:50] MENSAJE:.INFO: INGRESO A LISTA DE USUARIOS [] []
[2024-10-27 06:39:52] MENSAJE:.INFO: INGRESO A FORMULARIO DE NUEVO USUARIO [] []
